<?xml version="1.0" encoding="UTF-8"?>
<!-- Generated by org.testng.reporters.JUnitXMLReporter -->
<testsuite hostname="LAPTOP-VQNA19QV" ignored="0" name="Default test" tests="4" failures="0" timestamp="12 Aug 2023 07:21:20 GMT" time="66.309" errors="0">
  <testcase name="test1" time="22.764" classname="Assinmaent1.slider"/>
  <testcase name="test2" time="11.488" classname="Assinmaent1.slider"/>
  <testcase name="test3" time="8.493" classname="Assinmaent1.slider"/>
  <testcase name="test4" time="18.466" classname="Assinmaent1.slider"/>
</testsuite> <!-- Default test -->
